                      :-) GROMACS - gmx mdrun, 2025.1 (-:

Copyright 1991-2025 The GROMACS Authors.
GROMACS is free software; you can redistribute it and/or modify it
under the terms of the GNU Lesser General Public License
as published by the Free Software Foundation; either version 2.1
of the License, or (at your option) any later version.

                         Current GROMACS contributors:
       Mark Abraham           Andrey Alekseenko           Brian Andrews       
      Vladimir Basov              Paul Bauer                Hugh Bird         
      Eliane Briand               Ania Brown              Mahesh Doijade      
      Giacomo Fiorin          Stefan Fleischmann          Sergey Gorelov      
   Gilles Gouaillardet            Alan Gray              M. Eric Irrgang      
   Farzaneh Jalalypour         Petter Johansson          Carsten Kutzner      
    Grzegorz Łazarski         Justin A. Lemkul          Magnus Lundborg      
       Pascal Merz             Vedran Miletić            Dmitry Morozov      
     Lukas Müllender            Julien Nabet             Szilárd Páll      
 Andrea Pasquadibisceglie     Michele Pellegrino         Nicola Piasentin     
     Daniele Rapetti         Muhammad Umair Sadiq         Hubert Santuz       
      Roland Schulz             Michael Shirts           Tatiana Shugaeva     
     Alexey Shvetsov            Philip Turner            Alessandra Villa     
 Sebastian Wingbermühle  

                         Previous GROMACS contributors:
        Emile Apol             Rossen Apostolov           James Barnett       
  Herman J.C. Berendsen         Cathrine Bergh             Par Bjelkmar       
      Christian Blau          Viacheslav Bolnykh            Kevin Boyd        
    Aldert van Buuren          Carlo Camilloni           Rudi van Drunen      
      Anton Feenstra           Oliver Fleetwood            Vytas Gapsys       
       Gaurav Garg             Gerrit Groenhof            Bert de Groot       
      Anca Hamuraru           Vincent Hindriksen          Victor Holanda      
     Aleksei Iupinov              Joe Jordan            Christoph Junghans    
    Prashanth Kanduri        Dimitrios Karkoulis           Peter Kasson       
      Sebastian Kehl           Sebastian Keller             Jiri Kraus        
       Per Larsson              Viveca Lindahl            Erik Marklund       
    Pieter Meulenhoff           Teemu Murtola              Sander Pronk       
      Alfons Sijbers            Balint Soproni         David van der Spoel    
      Peter Tieleman            Carsten Uphoff             Jon Vincent        
     Teemu Virolainen         Christian Wennberg           Maarten Wolf       
      Artem Zhmurov       

                  Coordinated by the GROMACS project leaders:
                           Berk Hess and Erik Lindahl

GROMACS:      gmx mdrun, version 2025.1
Executable:   /home/luisreis/Documents/rayca_bio/gromacs-2025.1/build/bin/gmx
Data prefix:  /home/luisreis/Documents/rayca_bio/gromacs-2025.1 (source tree)
Working dir:  /home/luisreis/Documents/rayca_bio/md
Process ID:   142341
Command line:
  gmx mdrun -deffnm npt

GROMACS version:     2025.1
Precision:           mixed
Memory model:        64 bit
MPI library:         thread_mpi
OpenMP support:      enabled (GMX_OPENMP_MAX_THREADS = 128)
GPU support:         CUDA
NBNxM GPU setup:     super-cluster 2x2x2 / cluster 8 (cluster-pair splitting on)
SIMD instructions:   AVX2_256
CPU FFT library:     fftw-3.3.10-sse2-avx-avx2-avx2_128
GPU FFT library:     cuFFT
Multi-GPU FFT:       none
RDTSCP usage:        enabled
TNG support:         enabled
Hwloc support:       disabled
Tracing support:     disabled
C compiler:          /usr/bin/gcc-11 GNU 11.4.0
C compiler flags:    -fexcess-precision=fast -funroll-all-loops -mavx2 -mfma -Wno-missing-field-initializers -O3 -DNDEBUG
C++ compiler:        /usr/bin/g++-11 GNU 11.4.0
C++ compiler flags:  -fexcess-precision=fast -funroll-all-loops -mavx2 -mfma -Wno-missing-field-initializers -Wno-cast-function-type-strict SHELL:-fopenmp -O3 -DNDEBUG
BLAS library:        External - detected on the system
LAPACK library:      External - detected on the system
CUDA compiler:       /usr/local/cuda/bin/nvcc nvcc: NVIDIA (R) Cuda compiler driver;Copyright (c) 2005-2025 NVIDIA Corporation;Built on Fri_Feb_21_20:23:50_PST_2025;Cuda compilation tools, release 12.8, V12.8.93;Build cuda_12.8.r12.8/compiler.35583870_0
CUDA compiler flags: -O3 -DNDEBUG
CUDA driver:         12.80
CUDA runtime:        12.80


Running on 1 node with total 2 cores, 2 processing units (GPU detection failed: no CUDA-capable device is detected)
Hardware detected on host ubuntu:
  CPU info:
    Vendor: AMD
    Brand:  AMD Ryzen 9 4900HS with Radeon Graphics
    Family: 23   Model: 96   Stepping: 1
    Features: aes amd apic avx avx2 clfsh cmov cx8 cx16 f16c fma lahf misalignsse mmx msr nonstop_tsc pclmuldq pdpe1gb popcnt pse rdrnd rdtscp sha sse2 sse3 sse4a sse4.1 sse4.2 ssse3 x2apic
  Hardware topology: Basic
    Packages, cores, and logical processors:
    [indices refer to OS logical processors]
      Package  0: [   0]
      Package  2: [   1]
    CPU limit set by OS: -1   Recommended max number of threads: 2


++++ PLEASE READ AND CITE THE FOLLOWING REFERENCE ++++
M. J. Abraham, T. Murtola, R. Schulz, S. Páll, J. C. Smith, B. Hess, E.
Lindahl
GROMACS: High performance molecular simulations through multi-level
parallelism from laptops to supercomputers
SoftwareX (2015)
DOI: 10.1016/j.softx.2015.06.001
-------- -------- --- Thank You --- -------- --------


++++ PLEASE READ AND CITE THE FOLLOWING REFERENCE ++++
S. Páll, M. J. Abraham, C. Kutzner, B. Hess, E. Lindahl
Tackling Exascale Software Challenges in Molecular Dynamics Simulations with
GROMACS
In S. Markidis & E. Laure (Eds.), Solving Software Challenges for Exascale (2015)
DOI: 10.1007/978-3-319-15976-8_1
-------- -------- --- Thank You --- -------- --------


++++ PLEASE READ AND CITE THE FOLLOWING REFERENCE ++++
S. Pronk, S. Páll, R. Schulz, P. Larsson, P. Bjelkmar, R. Apostolov, M. R.
Shirts, J. C. Smith, P. M. Kasson, D. van der Spoel, B. Hess, E. Lindahl
GROMACS 4.5: a high-throughput and highly parallel open source molecular
simulation toolkit
Bioinformatics (2013)
DOI: 10.1093/bioinformatics/btt055
-------- -------- --- Thank You --- -------- --------


++++ PLEASE READ AND CITE THE FOLLOWING REFERENCE ++++
B. Hess, C. Kutzner, D. van der Spoel, E. Lindahl
GROMACS 4: Algorithms for highly efficient, load-balanced, and scalable
molecular simulation
J. Chem. Theory Comput. (2008)
DOI: 10.1021/ct700301q
-------- -------- --- Thank You --- -------- --------


++++ PLEASE READ AND CITE THE FOLLOWING REFERENCE ++++
D. van der Spoel, E. Lindahl, B. Hess, G. Groenhof, A. E. Mark, H. J. C.
Berendsen
GROMACS: Fast, Flexible and Free
J. Comp. Chem. (2005)
DOI: 10.1002/jcc.20291
-------- -------- --- Thank You --- -------- --------


++++ PLEASE READ AND CITE THE FOLLOWING REFERENCE ++++
E. Lindahl, B. Hess, D. van der Spoel
GROMACS 3.0: A package for molecular simulation and trajectory analysis
J. Mol. Mod. (2001)
DOI: 10.1007/s008940100045
-------- -------- --- Thank You --- -------- --------


++++ PLEASE READ AND CITE THE FOLLOWING REFERENCE ++++
H. J. C. Berendsen, D. van der Spoel and R. van Drunen
GROMACS: A message-passing parallel molecular dynamics implementation
Comp. Phys. Comm. (1995)
DOI: 10.1016/0010-4655(95)00042-E
-------- -------- --- Thank You --- -------- --------


++++ PLEASE CITE THE DOI FOR THIS VERSION OF GROMACS ++++
https://doi.org/10.5281/zenodo.15006630
-------- -------- --- Thank You --- -------- --------

Input Parameters:
   integrator                     = md
   tinit                          = 0
   dt                             = 0.002
   nsteps                         = 10000
   init-step                      = 0
   simulation-part                = 1
   mts                            = false
   mass-repartition-factor        = 1
   comm-mode                      = Linear
   nstcomm                        = 100
   bd-fric                        = 0
   ld-seed                        = 1934576819
   emtol                          = 10
   emstep                         = 0.01
   niter                          = 20
   fcstep                         = 0
   nstcgsteep                     = 1000
   nbfgscorr                      = 10
   rtpi                           = 0.05
   nstxout                        = 0
   nstvout                        = 0
   nstfout                        = 0
   nstlog                         = 500
   nstcalcenergy                  = 100
   nstenergy                      = 500
   nstxout-compressed             = 500
   compressed-x-precision         = 1000
   cutoff-scheme                  = Verlet
   nstlist                        = 20
   pbc                            = xyz
   periodic-molecules             = false
   verlet-buffer-tolerance        = 0.005
   verlet-buffer-pressure-tolerance = 0.5
   rlist                          = 1.224
   coulombtype                    = PME
   coulomb-modifier               = Potential-shift
   rcoulomb-switch                = 0
   rcoulomb                       = 1.2
   epsilon-r                      = 1
   epsilon-rf                     = inf
   vdw-type                       = Cut-off
   vdw-modifier                   = Force-switch
   rvdw-switch                    = 1
   rvdw                           = 1.2
   DispCorr                       = No
   table-extension                = 1
   fourierspacing                 = 0.16
   fourier-nx                     = 48
   fourier-ny                     = 48
   fourier-nz                     = 48
   pme-order                      = 4
   ewald-rtol                     = 1e-05
   ewald-rtol-lj                  = 0.001
   lj-pme-comb-rule               = Geometric
   ewald-geometry                 = 3d
   epsilon-surface                = 0
   ensemble-temperature-setting   = constant
   ensemble-temperature           = 300
   tcoupl                         = V-rescale
   nsttcouple                     = 10
   nh-chain-length                = 0
   print-nose-hoover-chain-variables = false
   pcoupl                         = Berendsen
   pcoupltype                     = Isotropic
   nstpcouple                     = 100
   tau-p                          = 2
   compressibility (3x3):
      compressibility[    0]={ 4.50000e-05,  0.00000e+00,  0.00000e+00}
      compressibility[    1]={ 0.00000e+00,  4.50000e-05,  0.00000e+00}
      compressibility[    2]={ 0.00000e+00,  0.00000e+00,  4.50000e-05}
   ref-p (3x3):
      ref-p[    0]={ 1.00000e+00,  0.00000e+00,  0.00000e+00}
      ref-p[    1]={ 0.00000e+00,  1.00000e+00,  0.00000e+00}
      ref-p[    2]={ 0.00000e+00,  0.00000e+00,  1.00000e+00}
   refcoord-scaling               = COM
   posres-com (1x3):
      posres-com[    0]={ 5.01074e-01,  5.00180e-01,  5.01669e-01}
   posres-comB (1x3):
      posres-comB[    0]={ 5.01074e-01,  5.00180e-01,  5.01669e-01}
   QMMM                           = false
qm-opts:
   ngQM                           = 0
   constraint-algorithm           = Lincs
   continuation                   = true
   Shake-SOR                      = false
   shake-tol                      = 0.0001
   lincs-order                    = 4
   lincs-iter                     = 1
   lincs-warnangle                = 30
   nwall                          = 0
   wall-type                      = 9-3
   wall-r-linpot                  = -1
   wall-atomtype[0]               = -1
   wall-atomtype[1]               = -1
   wall-density[0]                = 0
   wall-density[1]                = 0
   wall-ewald-zfac                = 3
   pull                           = false
   awh                            = false
   rotation                       = false
   interactiveMD                  = false
   disre                          = No
   disre-weighting                = Conservative
   disre-mixed                    = false
   dr-fc                          = 1000
   dr-tau                         = 0
   nstdisreout                    = 100
   orire-fc                       = 0
   orire-tau                      = 0
   nstorireout                    = 100
   free-energy                    = no
   cos-acceleration               = 0
   deform (3x3):
      deform[    0]={ 0.00000e+00,  0.00000e+00,  0.00000e+00}
      deform[    1]={ 0.00000e+00,  0.00000e+00,  0.00000e+00}
      deform[    2]={ 0.00000e+00,  0.00000e+00,  0.00000e+00}
   simulated-tempering            = false
   swapcoords                     = no
   userint1                       = 0
   userint2                       = 0
   userint3                       = 0
   userint4                       = 0
   userreal1                      = 0
   userreal2                      = 0
   userreal3                      = 0
   userreal4                      = 0
   applied-forces:
     electric-field:
       x:
         E0                       = 0
         omega                    = 0
         t0                       = 0
         sigma                    = 0
       y:
         E0                       = 0
         omega                    = 0
         t0                       = 0
         sigma                    = 0
       z:
         E0                       = 0
         omega                    = 0
         t0                       = 0
         sigma                    = 0
     density-guided-simulation:
       active                     = false
       group                      = protein
       similarity-measure         = inner-product
       atom-spreading-weight      = unity
       force-constant             = 1e+09
       gaussian-transform-spreading-width = 0.2
       gaussian-transform-spreading-range-in-multiples-of-width = 4
       reference-density-filename = reference.mrc
       nst                        = 1
       normalize-densities        = true
       adaptive-force-scaling     = false
       adaptive-force-scaling-time-constant = 4
       shift-vector               = 
       transformation-matrix      = 
     qmmm-cp2k:
       active                     = false
       qmgroup                    = System
       qmmethod                   = PBE
       qmfilenames                = 
       qmcharge                   = 0
       qmmultiplicity             = 1
     colvars:
       active                     = false
       configfile                 = 
       seed                       = -1
     nnpot:
       active                     = false
       modelfile                  = model.pt
       input-group                = System
       model-input1               = 
       model-input2               = 
       model-input3               = 
       model-input4               = 
grpopts:
   nrdf:     3885.85     73311.1
   ref-t:         300         300
   tau-t:         0.1         0.1
annealing:          No          No
annealing-npoints:           0           0
   acc:	           0           0           0
   nfreeze:           N           N           N
   energygrp-flags[  0]: 0

Changing nstlist from 20 to 80, rlist from 1.224 to 1.324


Initializing Domain Decomposition on 1 ranks
Dynamic load balancing: auto
Using update groups, nr 12978, average size 2.9 atoms, max. radius 0.139 nm
Minimum cell size due to atom displacement: 0.548 nm
Initial maximum distances in bonded interactions:
    two-body bonded interactions: 0.418 nm, LJ-14, atoms 557 565
  multi-body bonded interactions: 0.488 nm, CMAP Dih., atoms 359 371
Minimum cell size due to bonded interactions: 0.537 nm
Using 0 separate PME ranks because: there are too few total ranks for efficient splitting
Optimizing the DD grid for 1 cells with a minimum initial size of 0.548 nm
The maximum allowed number of cells is: X 13 Y 13 Z 13
Domain decomposition grid 1 x 1 x 1, separate PME ranks 0
PME domain decomposition: 1 x 1 x 1

The initial number of communication pulses is:
The initial domain decomposition cell size is:

The maximum allowed distance for atom groups involved in interactions is:
                 non-bonded interactions           1.602 nm
(the following are initial values, they could change due to box deformation)
            two-body bonded interactions  (-rdd)   1.602 nm
          multi-body bonded interactions  (-rdd)   1.602 nm

When dynamic load balancing gets turned on, these settings will change to:
The maximum number of communication pulses is:
The minimum size for domain decomposition cells is 1.602 nm
The requested allowed shrink of DD cells (option -dds) is: 0.80
The allowed shrink of domain decomposition cells is:
The maximum allowed distance for atom groups involved in interactions is:
                 non-bonded interactions           1.602 nm
            two-body bonded interactions  (-rdd)   1.602 nm
          multi-body bonded interactions  (-rdd)   1.602 nm

Local state does not use filler particles

Using 1 MPI thread
Using 2 OpenMP threads 

System total charge: 0.000
Will do PME sum in reciprocal space for electrostatic interactions.

++++ PLEASE READ AND CITE THE FOLLOWING REFERENCE ++++
U. Essmann, L. Perera, M. L. Berkowitz, T. Darden, H. Lee, L. G. Pedersen 
A smooth particle mesh Ewald method
J. Chem. Phys. (1995)
DOI: 10.1063/1.470117
-------- -------- --- Thank You --- -------- --------

Using a Gaussian width (1/beta) of 0.384195 nm for Ewald
Potential shift: LJ r^-12: -2.648e-01 r^-6: -5.349e-01, Ewald -8.333e-06
Initialized non-bonded Coulomb Ewald tables, spacing: 1.02e-03 size: 1176

Generated table with 1162 data points for 1-4 COUL.
Tabscale = 500 points/nm
Generated table with 1162 data points for 1-4 LJ6.
Tabscale = 500 points/nm
Generated table with 1162 data points for 1-4 LJ12.
Tabscale = 500 points/nm


Using SIMD4xM 4x8 nonbonded short-range kernels

Using a dual 4x8 pair-list setup updated with dynamic pruning:
  outer list: updated every 80 steps, buffer 0.124 nm, rlist 1.324 nm
  inner list: updated every 12 steps, buffer 0.000 nm, rlist 1.200 nm
At tolerance 0.005 kJ/mol/ps per atom, equivalent classical 1x1 list would be:
  outer list: updated every 80 steps, buffer 0.269 nm, rlist 1.469 nm
  inner list: updated every 12 steps, buffer 0.046 nm, rlist 1.246 nm

The average pressure is off by at most 0.09 bar due to missing LJ interactions

Linking all bonded interactions to atoms


Pinning threads with an auto-selected logical cpu stride of 1

Initializing LINear Constraint Solver

++++ PLEASE READ AND CITE THE FOLLOWING REFERENCE ++++
B. Hess, H. Bekker, H. J. C. Berendsen, J. G. E. M. Fraaije
LINCS: A Linear Constraint Solver for molecular simulations
J. Comp. Chem. (1997)
DOI: 10.1002/(sici)1096-987x(199709)18:12<1463::aid-jcc4>3.0.co;2-h
-------- -------- --- Thank You --- -------- --------

The number of constraints is 806

++++ PLEASE READ AND CITE THE FOLLOWING REFERENCE ++++
S. Miyamoto, P. A. Kollman
SETTLE: An Analytical Version of the SHAKE and RATTLE Algorithms for Rigid
Water Models
J. Comp. Chem. (1992)
DOI: 10.1002/jcc.540130805
-------- -------- --- Thank You --- -------- --------


++++ PLEASE READ AND CITE THE FOLLOWING REFERENCE ++++
G. Bussi, D. Donadio, M. Parrinello
Canonical sampling through velocity rescaling
J. Chem. Phys. (2007)
DOI: 10.1063/1.2408420
-------- -------- --- Thank You --- -------- --------

There are: 38220 Atoms
Atom distribution over 1 domains: av 38220 stddev 0 min 38220 max 38220
Center of mass motion removal mode is Linear
We have the following groups for center of mass motion removal:
  0:  rest

Started mdrun on rank 0 Wed Mar 19 00:22:36 2025

           Step           Time
              0        0.00000

   Energies (kJ/mol)
           Bond            U-B    Proper Dih.  Improper Dih.      CMAP Dih.
    1.19840e+03    3.94118e+03    2.22497e+03    2.32640e+02   -4.71183e+02
          LJ-14     Coulomb-14        LJ (SR)   Coulomb (SR)   Coul. recip.
    8.18976e+02    1.83607e+04    7.44948e+04   -5.97799e+05    1.77031e+03
 Position Rest.      Potential    Kinetic En.   Total Energy  Conserved En.
    9.49881e-02   -4.95228e+05    9.48462e+04   -4.00382e+05   -4.00295e+05
    Temperature Pressure (bar)   Constr. rmsd
    2.95539e+02   -2.77149e+02    2.60179e-06

           Step           Time
            500        1.00000

   Energies (kJ/mol)
           Bond            U-B    Proper Dih.  Improper Dih.      CMAP Dih.
    1.05826e+03    3.45147e+03    2.12653e+03    1.99791e+02   -5.04691e+02
          LJ-14     Coulomb-14        LJ (SR)   Coulomb (SR)   Coul. recip.
    7.83036e+02    1.83583e+04    7.34849e+04   -5.95737e+05    1.76028e+03
 Position Rest.      Potential    Kinetic En.   Total Energy  Conserved En.
    4.13779e+02   -4.94606e+05    9.59977e+04   -3.98608e+05   -4.00510e+05
    Temperature Pressure (bar)   Constr. rmsd
    2.99127e+02    1.61554e+02    3.03705e-06

           Step           Time
           1000        2.00000

   Energies (kJ/mol)
           Bond            U-B    Proper Dih.  Improper Dih.      CMAP Dih.
    1.10881e+03    3.38490e+03    2.09930e+03    1.95318e+02   -4.74027e+02
          LJ-14     Coulomb-14        LJ (SR)   Coulomb (SR)   Coul. recip.
    8.27682e+02    1.84171e+04    7.48018e+04   -5.97614e+05    1.79569e+03
 Position Rest.      Potential    Kinetic En.   Total Energy  Conserved En.
    3.76652e+02   -4.95081e+05    9.60786e+04   -3.99002e+05   -4.00534e+05
    Temperature Pressure (bar)   Constr. rmsd
    2.99379e+02    3.63002e+02    3.19016e-06

           Step           Time
           1500        3.00000

   Energies (kJ/mol)
           Bond            U-B    Proper Dih.  Improper Dih.      CMAP Dih.
    1.14514e+03    3.36873e+03    2.13195e+03    1.77769e+02   -4.98504e+02
          LJ-14     Coulomb-14        LJ (SR)   Coulomb (SR)   Coul. recip.
    8.28389e+02    1.83900e+04    7.33016e+04   -5.94766e+05    1.74100e+03
 Position Rest.      Potential    Kinetic En.   Total Energy  Conserved En.
    4.54356e+02   -4.93726e+05    9.63478e+04   -3.97378e+05   -4.00467e+05
    Temperature Pressure (bar)   Constr. rmsd
    3.00218e+02    1.24940e+02    3.24040e-06

           Step           Time
           2000        4.00000

   Energies (kJ/mol)
           Bond            U-B    Proper Dih.  Improper Dih.      CMAP Dih.
    1.21659e+03    3.40456e+03    2.14166e+03    2.22281e+02   -5.07991e+02
          LJ-14     Coulomb-14        LJ (SR)   Coulomb (SR)   Coul. recip.
    7.97138e+02    1.85144e+04    7.32945e+04   -5.95072e+05    1.80318e+03
 Position Rest.      Potential    Kinetic En.   Total Energy  Conserved En.
    3.63756e+02   -4.93822e+05    9.61157e+04   -3.97706e+05   -4.00417e+05
    Temperature Pressure (bar)   Constr. rmsd
    2.99495e+02    3.74611e+01    2.75385e-06

           Step           Time
           2500        5.00000

   Energies (kJ/mol)
           Bond            U-B    Proper Dih.  Improper Dih.      CMAP Dih.
    1.07324e+03    3.46001e+03    2.10170e+03    1.62788e+02   -4.80314e+02
          LJ-14     Coulomb-14        LJ (SR)   Coulomb (SR)   Coul. recip.
    8.11039e+02    1.84438e+04    7.31033e+04   -5.94092e+05    1.77702e+03
 Position Rest.      Potential    Kinetic En.   Total Energy  Conserved En.
    4.25598e+02   -4.93214e+05    9.55176e+04   -3.97697e+05   -4.00426e+05
    Temperature Pressure (bar)   Constr. rmsd
    2.97632e+02    8.32008e+01    3.48269e-06

           Step           Time
           3000        6.00000

   Energies (kJ/mol)
           Bond            U-B    Proper Dih.  Improper Dih.      CMAP Dih.
    1.17120e+03    3.39806e+03    2.16567e+03    2.29732e+02   -5.22157e+02
          LJ-14     Coulomb-14        LJ (SR)   Coulomb (SR)   Coul. recip.
    8.18332e+02    1.84549e+04    7.34080e+04   -5.95861e+05    1.81142e+03
 Position Rest.      Potential    Kinetic En.   Total Energy  Conserved En.
    3.96726e+02   -4.94529e+05    9.61826e+04   -3.98347e+05   -4.00378e+05
    Temperature Pressure (bar)   Constr. rmsd
    2.99704e+02    5.64900e+00    2.63411e-06

           Step           Time
           3500        7.00000

   Energies (kJ/mol)
           Bond            U-B    Proper Dih.  Improper Dih.      CMAP Dih.
    1.15367e+03    3.53516e+03    2.22180e+03    2.23327e+02   -5.10507e+02
          LJ-14     Coulomb-14        LJ (SR)   Coulomb (SR)   Coul. recip.
    8.36061e+02    1.83898e+04    7.25483e+04   -5.92700e+05    1.84100e+03
 Position Rest.      Potential    Kinetic En.   Total Energy  Conserved En.
    3.92521e+02   -4.92069e+05    9.59142e+04   -3.96154e+05   -4.00337e+05
    Temperature Pressure (bar)   Constr. rmsd
    2.98867e+02   -1.12493e+02    2.95523e-06

           Step           Time
           4000        8.00000

   Energies (kJ/mol)
           Bond            U-B    Proper Dih.  Improper Dih.      CMAP Dih.
    1.19454e+03    3.35543e+03    2.13802e+03    1.92314e+02   -4.90011e+02
          LJ-14     Coulomb-14        LJ (SR)   Coulomb (SR)   Coul. recip.
    8.44471e+02    1.83313e+04    7.13700e+04   -5.91932e+05    1.83463e+03
 Position Rest.      Potential    Kinetic En.   Total Energy  Conserved En.
    4.01089e+02   -4.92760e+05    9.65147e+04   -3.96245e+05   -4.00330e+05
    Temperature Pressure (bar)   Constr. rmsd
    3.00738e+02   -1.75911e+02    3.00706e-06

           Step           Time
           4500        9.00000

   Energies (kJ/mol)
           Bond            U-B    Proper Dih.  Improper Dih.      CMAP Dih.
    1.14560e+03    3.41937e+03    2.15049e+03    1.78712e+02   -4.88382e+02
          LJ-14     Coulomb-14        LJ (SR)   Coulomb (SR)   Coul. recip.
    8.39197e+02    1.84274e+04    7.23476e+04   -5.93932e+05    1.84569e+03
 Position Rest.      Potential    Kinetic En.   Total Energy  Conserved En.
    4.23159e+02   -4.93643e+05    9.65533e+04   -3.97090e+05   -4.00309e+05
    Temperature Pressure (bar)   Constr. rmsd
    3.00859e+02   -1.38205e+02    2.75389e-06

           Step           Time
           5000       10.00000

   Energies (kJ/mol)
           Bond            U-B    Proper Dih.  Improper Dih.      CMAP Dih.
    1.16902e+03    3.51540e+03    2.15666e+03    1.99778e+02   -5.16768e+02
          LJ-14     Coulomb-14        LJ (SR)   Coulomb (SR)   Coul. recip.
    8.23452e+02    1.84034e+04    7.28697e+04   -5.93440e+05    1.85976e+03
 Position Rest.      Potential    Kinetic En.   Total Energy  Conserved En.
    4.11551e+02   -4.92548e+05    9.52795e+04   -3.97268e+05   -4.00329e+05
    Temperature Pressure (bar)   Constr. rmsd
    2.96890e+02    1.35709e+01    2.85109e-06

           Step           Time
           5500       11.00000

   Energies (kJ/mol)
           Bond            U-B    Proper Dih.  Improper Dih.      CMAP Dih.
    1.18266e+03    3.61197e+03    2.17565e+03    1.77155e+02   -5.10075e+02
          LJ-14     Coulomb-14        LJ (SR)   Coulomb (SR)   Coul. recip.
    8.55524e+02    1.82763e+04    7.38628e+04   -5.93864e+05    1.80456e+03
 Position Rest.      Potential    Kinetic En.   Total Energy  Conserved En.
    4.21051e+02   -4.92006e+05    9.68797e+04   -3.95126e+05   -4.00410e+05
    Temperature Pressure (bar)   Constr. rmsd
    3.01876e+02    3.33958e+02    3.00276e-06

           Step           Time
           6000       12.00000

   Energies (kJ/mol)
           Bond            U-B    Proper Dih.  Improper Dih.      CMAP Dih.
    1.05177e+03    3.46094e+03    2.07736e+03    1.72449e+02   -4.79327e+02
          LJ-14     Coulomb-14        LJ (SR)   Coulomb (SR)   Coul. recip.
    8.80707e+02    1.82610e+04    7.33904e+04   -5.94564e+05    1.77170e+03
 Position Rest.      Potential    Kinetic En.   Total Energy  Conserved En.
    4.32811e+02   -4.93544e+05    9.61121e+04   -3.97432e+05   -4.00342e+05
    Temperature Pressure (bar)   Constr. rmsd
    2.99484e+02    1.10299e+02    2.83920e-06

           Step           Time
           6500       13.00000

   Energies (kJ/mol)
           Bond            U-B    Proper Dih.  Improper Dih.      CMAP Dih.
    1.08871e+03    3.48587e+03    2.15732e+03    2.39563e+02   -5.36134e+02
          LJ-14     Coulomb-14        LJ (SR)   Coulomb (SR)   Coul. recip.
    8.62390e+02    1.83992e+04    7.34709e+04   -5.94568e+05    1.81626e+03
 Position Rest.      Potential    Kinetic En.   Total Energy  Conserved En.
    4.26634e+02   -4.93158e+05    9.67655e+04   -3.96392e+05   -4.00331e+05
    Temperature Pressure (bar)   Constr. rmsd
    3.01520e+02    3.74688e+01    2.94576e-06

           Step           Time
           7000       14.00000

   Energies (kJ/mol)
           Bond            U-B    Proper Dih.  Improper Dih.      CMAP Dih.
    1.15842e+03    3.48620e+03    2.25400e+03    2.06005e+02   -5.25204e+02
          LJ-14     Coulomb-14        LJ (SR)   Coulomb (SR)   Coul. recip.
    8.09467e+02    1.84424e+04    7.25482e+04   -5.93729e+05    1.78789e+03
 Position Rest.      Potential    Kinetic En.   Total Energy  Conserved En.
    4.13150e+02   -4.93148e+05    9.69868e+04   -3.96162e+05   -4.00278e+05
    Temperature Pressure (bar)   Constr. rmsd
    3.02210e+02   -1.09417e+02    2.78235e-06

           Step           Time
           7500       15.00000

   Energies (kJ/mol)
           Bond            U-B    Proper Dih.  Improper Dih.      CMAP Dih.
    1.20085e+03    3.52440e+03    2.21414e+03    1.90868e+02   -5.27930e+02
          LJ-14     Coulomb-14        LJ (SR)   Coulomb (SR)   Coul. recip.
    8.40525e+02    1.83650e+04    7.39135e+04   -5.94970e+05    1.79198e+03
 Position Rest.      Potential    Kinetic En.   Total Energy  Conserved En.
    4.08871e+02   -4.93048e+05    9.63821e+04   -3.96666e+05   -4.00308e+05
    Temperature Pressure (bar)   Constr. rmsd
    3.00325e+02    5.96593e+01    2.92282e-06

           Step           Time
           8000       16.00000

   Energies (kJ/mol)
           Bond            U-B    Proper Dih.  Improper Dih.      CMAP Dih.
    1.13183e+03    3.42403e+03    2.21278e+03    1.65934e+02   -5.25739e+02
          LJ-14     Coulomb-14        LJ (SR)   Coulomb (SR)   Coul. recip.
    8.09578e+02    1.85240e+04    7.27395e+04   -5.93955e+05    1.77656e+03
 Position Rest.      Potential    Kinetic En.   Total Energy  Conserved En.
    4.54728e+02   -4.93242e+05    9.71507e+04   -3.96091e+05   -4.00286e+05
    Temperature Pressure (bar)   Constr. rmsd
    3.02720e+02   -2.14007e+01    3.11294e-06

           Step           Time
           8500       17.00000

   Energies (kJ/mol)
           Bond            U-B    Proper Dih.  Improper Dih.      CMAP Dih.
    1.13949e+03    3.57810e+03    2.13034e+03    2.14500e+02   -4.77367e+02
          LJ-14     Coulomb-14        LJ (SR)   Coulomb (SR)   Coul. recip.
    7.83429e+02    1.82661e+04    7.26205e+04   -5.92987e+05    1.77466e+03
 Position Rest.      Potential    Kinetic En.   Total Energy  Conserved En.
    4.16344e+02   -4.92541e+05    9.66532e+04   -3.95887e+05   -4.00260e+05
    Temperature Pressure (bar)   Constr. rmsd
    3.01170e+02   -6.29424e+01    2.70624e-06

           Step           Time
           9000       18.00000

   Energies (kJ/mol)
           Bond            U-B    Proper Dih.  Improper Dih.      CMAP Dih.
    1.15245e+03    3.58135e+03    2.17356e+03    2.02232e+02   -4.88424e+02
          LJ-14     Coulomb-14        LJ (SR)   Coulomb (SR)   Coul. recip.
    7.94859e+02    1.82131e+04    7.18920e+04   -5.92296e+05    1.77320e+03
 Position Rest.      Potential    Kinetic En.   Total Energy  Conserved En.
    4.58490e+02   -4.92543e+05    9.67639e+04   -3.95780e+05   -4.00211e+05
    Temperature Pressure (bar)   Constr. rmsd
    3.01515e+02   -2.00462e+02    3.17749e-06

           Step           Time
           9500       19.00000

   Energies (kJ/mol)
           Bond            U-B    Proper Dih.  Improper Dih.      CMAP Dih.
    1.15584e+03    3.47362e+03    2.26846e+03    1.93066e+02   -5.16526e+02
          LJ-14     Coulomb-14        LJ (SR)   Coulomb (SR)   Coul. recip.
    8.29940e+02    1.84996e+04    7.21229e+04   -5.92914e+05    1.76493e+03
 Position Rest.      Potential    Kinetic En.   Total Energy  Conserved En.
    4.44445e+02   -4.92677e+05    9.67687e+04   -3.95909e+05   -4.00230e+05
    Temperature Pressure (bar)   Constr. rmsd
    3.01530e+02   -4.93237e+01    2.99376e-06

           Step           Time
          10000       20.00000

Writing checkpoint, step 10000 at Wed Mar 19 00:26:28 2025


   Energies (kJ/mol)
           Bond            U-B    Proper Dih.  Improper Dih.      CMAP Dih.
    9.77661e+02    3.47877e+03    2.09215e+03    1.75845e+02   -4.91829e+02
          LJ-14     Coulomb-14        LJ (SR)   Coulomb (SR)   Coul. recip.
    8.26001e+02    1.83517e+04    7.30650e+04   -5.94982e+05    1.76391e+03
 Position Rest.      Potential    Kinetic En.   Total Energy  Conserved En.
    4.36162e+02   -4.94306e+05    9.61526e+04   -3.98154e+05   -4.00273e+05
    Temperature Pressure (bar)   Constr. rmsd
    2.99610e+02    5.53893e+01    3.36852e-06


Energy conservation over simulation part #1 of length 20 ps, time 0 to 20 ps
  Conserved energy drift: 2.90e-05 kJ/mol/ps per atom


	<======  ###############  ==>
	<====  A V E R A G E S  ====>
	<==  ###############  ======>

	Statistics over 10001 steps using 101 frames

   Energies (kJ/mol)
           Bond            U-B    Proper Dih.  Improper Dih.      CMAP Dih.
    1.14887e+03    3.48022e+03    2.16879e+03    1.98758e+02   -4.99445e+02
          LJ-14     Coulomb-14        LJ (SR)   Coulomb (SR)   Coul. recip.
    8.23239e+02    1.83659e+04    7.29991e+04   -5.94096e+05    1.78757e+03
 Position Rest.      Potential    Kinetic En.   Total Energy  Conserved En.
    4.10203e+02   -4.93213e+05    9.63540e+04   -3.96859e+05   -4.00356e+05
    Temperature Pressure (bar)   Constr. rmsd
    3.00238e+02    4.30788e+01    0.00000e+00

          Box-X          Box-Y          Box-Z
    7.28969e+00    7.28969e+00    7.28969e+00

   Total Virial (kJ/mol)
    3.15106e+04    8.42794e+01   -7.42053e+01
    8.40598e+01    3.17429e+04    3.17412e+02
   -7.45852e+01    3.17377e+02    3.16065e+04

   Pressure (bar)
    4.70819e+01   -7.70341e+00    6.87202e+00
   -7.68460e+00    3.67481e+01   -2.57532e+01
    6.90458e+00   -2.57502e+01    4.54063e+01

      T-ProteinT-Water_and_ions
    3.01105e+02    3.00192e+02


	M E G A - F L O P S   A C C O U N T I N G

 NB=Group-cutoff nonbonded kernels    NxN=N-by-N cluster Verlet kernels
 RF=Reaction-Field  VdW=Van der Waals  QSTab=quadratic-spline table
 W3=SPC/TIP3p  W4=TIP4p (single or pairs)
 V&F=Potential and force  V=Potential only  F=Force only

 Computing:                               M-Number         M-Flops  % Flops
-----------------------------------------------------------------------------
 Pair Search distance check            2756.397964       24807.582     0.1
 NxN Ewald Elec. + LJ [F]            175038.118000    13652973.204    56.1
 NxN Ewald Elec. + LJ [V&F]            1785.731840      230359.407     0.9
 NxN Ewald Elec. [F]                 158254.022448     9653495.369    39.7
 NxN Ewald Elec. [V&F]                 1614.590656      135625.615     0.6
 1,4 nonbonded interactions              41.564156        3740.774     0.0
 Calc Weights                          1146.714660       41281.728     0.2
 Spread Q Bspline                     24463.246080       48926.492     0.2
 Gather F Bspline                     24463.246080      146779.476     0.6
 3D-FFT                               37062.825912      296502.607     1.2
 Solve PME                              576.057600       36867.686     0.2
 Reset In Box                             4.777500          14.332     0.0
 CG-CoM                                   4.815720          14.447     0.0
 Bonds                                    7.710771         454.935     0.0
 Propers                                 35.433543        8114.281     0.0
 Impropers                                2.460246         511.731     0.0
 Pos. Restr.                              7.580758         379.038     0.0
 Virial                                   3.864765          69.566     0.0
 Stop-CM                                  3.860220          38.602     0.0
 P-Coupling                               3.860220          23.161     0.0
 Calc-Ekin                               76.516440        2065.944     0.0
 Lincs                                    8.060806         483.648     0.0
 Lincs-Mat                               47.164716         188.659     0.0
 Constraint-V                           382.698266        3444.284     0.0
 Constraint-Vir                           3.783460          90.803     0.0
 Settle                                 122.192218       45211.121     0.2
 CMAP                                     0.970097        1649.165     0.0
 Urey-Bradley                            28.862886        5281.908     0.0
-----------------------------------------------------------------------------
 Total                                                24339395.569   100.0
-----------------------------------------------------------------------------


    D O M A I N   D E C O M P O S I T I O N   S T A T I S T I C S

 av. #atoms communicated per step for force:  2 x 0.0


      R E A L   C Y C L E   A N D   T I M E   A C C O U N T I N G

On 1 MPI rank, each using 2 OpenMP threads

 Activity:              Num   Num      Call    Wall time         Giga-Cycles
                        Ranks Threads  Count      (s)         total sum    %
--------------------------------------------------------------------------------
 Domain decomp.            1    2        125       0.535          3.206   0.2
 Neighbor search           1    2        126       3.655         21.887   1.6
 Force                     1    2      10001     200.521       1200.869  86.4
 PME mesh                  1    2      10001      20.161        120.738   8.7
 NB X/F buffer ops.        1    2      20002       3.229         19.336   1.4
 Write traj.               1    2         21       0.164          0.981   0.1
 Update                    1    2      10001       1.178          7.057   0.5
 Constraints               1    2      10001       2.067         12.376   0.9
 Kinetic energy            1    2       2001       0.150          0.896   0.1
 Rest                                              0.377          2.256   0.2
--------------------------------------------------------------------------------
 Total                                           232.035       1389.602 100.0
--------------------------------------------------------------------------------
 Breakdown of PME mesh activities
--------------------------------------------------------------------------------
 PME spread                1    2      10001       9.753         58.407   4.2
 PME gather                1    2      10001       5.883         35.234   2.5
 PME 3D-FFT                1    2      20002       4.020         24.077   1.7
 PME solve Elec            1    2      10001       0.427          2.556   0.2
--------------------------------------------------------------------------------

               Core t (s)   Wall t (s)        (%)
       Time:      464.070      232.035      200.0
                 (ns/day)    (hour/ns)
Performance:        7.448        3.222
Finished mdrun on rank 0 Wed Mar 19 00:26:28 2025

