                      :-) GROMACS - gmx mdrun, 2025.1 (-:

Copyright 1991-2025 The GROMACS Authors.
GROMACS is free software; you can redistribute it and/or modify it
under the terms of the GNU Lesser General Public License
as published by the Free Software Foundation; either version 2.1
of the License, or (at your option) any later version.

                         Current GROMACS contributors:
       Mark Abraham           Andrey Alekseenko           Brian Andrews       
      Vladimir Basov              Paul Bauer                Hugh Bird         
      Eliane Briand               Ania Brown              Mahesh Doijade      
      Giacomo Fiorin          Stefan Fleischmann          Sergey Gorelov      
   Gilles Gouaillardet            Alan Gray              M. Eric Irrgang      
   Farzaneh Jalalypour         Petter Johansson          Carsten Kutzner      
    Grzegorz Łazarski         Justin A. Lemkul          Magnus Lundborg      
       Pascal Merz             Vedran Miletić            Dmitry Morozov      
     Lukas Müllender            Julien Nabet             Szilárd Páll      
 Andrea Pasquadibisceglie     Michele Pellegrino         Nicola Piasentin     
     Daniele Rapetti         Muhammad Umair Sadiq         Hubert Santuz       
      Roland Schulz             Michael Shirts           Tatiana Shugaeva     
     Alexey Shvetsov            Philip Turner            Alessandra Villa     
 Sebastian Wingbermühle  

                         Previous GROMACS contributors:
        Emile Apol             Rossen Apostolov           James Barnett       
  Herman J.C. Berendsen         Cathrine Bergh             Par Bjelkmar       
      Christian Blau          Viacheslav Bolnykh            Kevin Boyd        
    Aldert van Buuren          Carlo Camilloni           Rudi van Drunen      
      Anton Feenstra           Oliver Fleetwood            Vytas Gapsys       
       Gaurav Garg             Gerrit Groenhof            Bert de Groot       
      Anca Hamuraru           Vincent Hindriksen          Victor Holanda      
     Aleksei Iupinov              Joe Jordan            Christoph Junghans    
    Prashanth Kanduri        Dimitrios Karkoulis           Peter Kasson       
      Sebastian Kehl           Sebastian Keller             Jiri Kraus        
       Per Larsson              Viveca Lindahl            Erik Marklund       
    Pieter Meulenhoff           Teemu Murtola              Sander Pronk       
      Alfons Sijbers            Balint Soproni         David van der Spoel    
      Peter Tieleman            Carsten Uphoff             Jon Vincent        
     Teemu Virolainen         Christian Wennberg           Maarten Wolf       
      Artem Zhmurov       

                  Coordinated by the GROMACS project leaders:
                           Berk Hess and Erik Lindahl

GROMACS:      gmx mdrun, version 2025.1
Executable:   /home/luisreis/Documents/rayca_bio/gromacs-2025.1/build/bin/gmx
Data prefix:  /home/luisreis/Documents/rayca_bio/gromacs-2025.1 (source tree)
Working dir:  /home/luisreis/Documents/rayca_bio/md
Process ID:   141327
Command line:
  gmx mdrun -deffnm nvt

GROMACS version:     2025.1
Precision:           mixed
Memory model:        64 bit
MPI library:         thread_mpi
OpenMP support:      enabled (GMX_OPENMP_MAX_THREADS = 128)
GPU support:         CUDA
NBNxM GPU setup:     super-cluster 2x2x2 / cluster 8 (cluster-pair splitting on)
SIMD instructions:   AVX2_256
CPU FFT library:     fftw-3.3.10-sse2-avx-avx2-avx2_128
GPU FFT library:     cuFFT
Multi-GPU FFT:       none
RDTSCP usage:        enabled
TNG support:         enabled
Hwloc support:       disabled
Tracing support:     disabled
C compiler:          /usr/bin/gcc-11 GNU 11.4.0
C compiler flags:    -fexcess-precision=fast -funroll-all-loops -mavx2 -mfma -Wno-missing-field-initializers -O3 -DNDEBUG
C++ compiler:        /usr/bin/g++-11 GNU 11.4.0
C++ compiler flags:  -fexcess-precision=fast -funroll-all-loops -mavx2 -mfma -Wno-missing-field-initializers -Wno-cast-function-type-strict SHELL:-fopenmp -O3 -DNDEBUG
BLAS library:        External - detected on the system
LAPACK library:      External - detected on the system
CUDA compiler:       /usr/local/cuda/bin/nvcc nvcc: NVIDIA (R) Cuda compiler driver;Copyright (c) 2005-2025 NVIDIA Corporation;Built on Fri_Feb_21_20:23:50_PST_2025;Cuda compilation tools, release 12.8, V12.8.93;Build cuda_12.8.r12.8/compiler.35583870_0
CUDA compiler flags: -O3 -DNDEBUG
CUDA driver:         12.80
CUDA runtime:        12.80


Running on 1 node with total 2 cores, 2 processing units (GPU detection failed: no CUDA-capable device is detected)
Hardware detected on host ubuntu:
  CPU info:
    Vendor: AMD
    Brand:  AMD Ryzen 9 4900HS with Radeon Graphics
    Family: 23   Model: 96   Stepping: 1
    Features: aes amd apic avx avx2 clfsh cmov cx8 cx16 f16c fma lahf misalignsse mmx msr nonstop_tsc pclmuldq pdpe1gb popcnt pse rdrnd rdtscp sha sse2 sse3 sse4a sse4.1 sse4.2 ssse3 x2apic
  Hardware topology: Basic
    Packages, cores, and logical processors:
    [indices refer to OS logical processors]
      Package  0: [   0]
      Package  2: [   1]
    CPU limit set by OS: -1   Recommended max number of threads: 2


++++ PLEASE READ AND CITE THE FOLLOWING REFERENCE ++++
M. J. Abraham, T. Murtola, R. Schulz, S. Páll, J. C. Smith, B. Hess, E.
Lindahl
GROMACS: High performance molecular simulations through multi-level
parallelism from laptops to supercomputers
SoftwareX (2015)
DOI: 10.1016/j.softx.2015.06.001
-------- -------- --- Thank You --- -------- --------


++++ PLEASE READ AND CITE THE FOLLOWING REFERENCE ++++
S. Páll, M. J. Abraham, C. Kutzner, B. Hess, E. Lindahl
Tackling Exascale Software Challenges in Molecular Dynamics Simulations with
GROMACS
In S. Markidis & E. Laure (Eds.), Solving Software Challenges for Exascale (2015)
DOI: 10.1007/978-3-319-15976-8_1
-------- -------- --- Thank You --- -------- --------


++++ PLEASE READ AND CITE THE FOLLOWING REFERENCE ++++
S. Pronk, S. Páll, R. Schulz, P. Larsson, P. Bjelkmar, R. Apostolov, M. R.
Shirts, J. C. Smith, P. M. Kasson, D. van der Spoel, B. Hess, E. Lindahl
GROMACS 4.5: a high-throughput and highly parallel open source molecular
simulation toolkit
Bioinformatics (2013)
DOI: 10.1093/bioinformatics/btt055
-------- -------- --- Thank You --- -------- --------


++++ PLEASE READ AND CITE THE FOLLOWING REFERENCE ++++
B. Hess, C. Kutzner, D. van der Spoel, E. Lindahl
GROMACS 4: Algorithms for highly efficient, load-balanced, and scalable
molecular simulation
J. Chem. Theory Comput. (2008)
DOI: 10.1021/ct700301q
-------- -------- --- Thank You --- -------- --------


++++ PLEASE READ AND CITE THE FOLLOWING REFERENCE ++++
D. van der Spoel, E. Lindahl, B. Hess, G. Groenhof, A. E. Mark, H. J. C.
Berendsen
GROMACS: Fast, Flexible and Free
J. Comp. Chem. (2005)
DOI: 10.1002/jcc.20291
-------- -------- --- Thank You --- -------- --------


++++ PLEASE READ AND CITE THE FOLLOWING REFERENCE ++++
E. Lindahl, B. Hess, D. van der Spoel
GROMACS 3.0: A package for molecular simulation and trajectory analysis
J. Mol. Mod. (2001)
DOI: 10.1007/s008940100045
-------- -------- --- Thank You --- -------- --------


++++ PLEASE READ AND CITE THE FOLLOWING REFERENCE ++++
H. J. C. Berendsen, D. van der Spoel and R. van Drunen
GROMACS: A message-passing parallel molecular dynamics implementation
Comp. Phys. Comm. (1995)
DOI: 10.1016/0010-4655(95)00042-E
-------- -------- --- Thank You --- -------- --------


++++ PLEASE CITE THE DOI FOR THIS VERSION OF GROMACS ++++
https://doi.org/10.5281/zenodo.15006630
-------- -------- --- Thank You --- -------- --------

Input Parameters:
   integrator                     = md
   tinit                          = 0
   dt                             = 0.004
   nsteps                         = 10000
   init-step                      = 0
   simulation-part                = 1
   mts                            = false
   mass-repartition-factor        = 1
   comm-mode                      = Linear
   nstcomm                        = 100
   bd-fric                        = 0
   ld-seed                        = -1880621057
   emtol                          = 10
   emstep                         = 0.01
   niter                          = 20
   fcstep                         = 0
   nstcgsteep                     = 1000
   nbfgscorr                      = 10
   rtpi                           = 0.05
   nstxout                        = 0
   nstvout                        = 0
   nstfout                        = 0
   nstlog                         = 500
   nstcalcenergy                  = 100
   nstenergy                      = 500
   nstxout-compressed             = 500
   compressed-x-precision         = 1000
   cutoff-scheme                  = Verlet
   nstlist                        = 20
   pbc                            = xyz
   periodic-molecules             = false
   verlet-buffer-tolerance        = 0.005
   verlet-buffer-pressure-tolerance = 0.5
   rlist                          = 1.278
   coulombtype                    = PME
   coulomb-modifier               = Potential-shift
   rcoulomb-switch                = 0
   rcoulomb                       = 1.2
   epsilon-r                      = 1
   epsilon-rf                     = inf
   vdw-type                       = Cut-off
   vdw-modifier                   = Force-switch
   rvdw-switch                    = 1
   rvdw                           = 1.2
   DispCorr                       = No
   table-extension                = 1
   fourierspacing                 = 0.16
   fourier-nx                     = 48
   fourier-ny                     = 48
   fourier-nz                     = 48
   pme-order                      = 4
   ewald-rtol                     = 1e-05
   ewald-rtol-lj                  = 0.001
   lj-pme-comb-rule               = Geometric
   ewald-geometry                 = 3d
   epsilon-surface                = 0
   ensemble-temperature-setting   = constant
   ensemble-temperature           = 300
   tcoupl                         = V-rescale
   nsttcouple                     = 5
   nh-chain-length                = 0
   print-nose-hoover-chain-variables = false
   pcoupl                         = No
   refcoord-scaling               = No
   posres-com: not available
   posres-comB: not available
   QMMM                           = false
qm-opts:
   ngQM                           = 0
   constraint-algorithm           = Lincs
   continuation                   = false
   Shake-SOR                      = false
   shake-tol                      = 0.0001
   lincs-order                    = 4
   lincs-iter                     = 1
   lincs-warnangle                = 30
   nwall                          = 0
   wall-type                      = 9-3
   wall-r-linpot                  = -1
   wall-atomtype[0]               = -1
   wall-atomtype[1]               = -1
   wall-density[0]                = 0
   wall-density[1]                = 0
   wall-ewald-zfac                = 3
   pull                           = false
   awh                            = false
   rotation                       = false
   interactiveMD                  = false
   disre                          = No
   disre-weighting                = Conservative
   disre-mixed                    = false
   dr-fc                          = 1000
   dr-tau                         = 0
   nstdisreout                    = 100
   orire-fc                       = 0
   orire-tau                      = 0
   nstorireout                    = 100
   free-energy                    = no
   cos-acceleration               = 0
   deform (3x3):
      deform[    0]={ 0.00000e+00,  0.00000e+00,  0.00000e+00}
      deform[    1]={ 0.00000e+00,  0.00000e+00,  0.00000e+00}
      deform[    2]={ 0.00000e+00,  0.00000e+00,  0.00000e+00}
   simulated-tempering            = false
   swapcoords                     = no
   userint1                       = 0
   userint2                       = 0
   userint3                       = 0
   userint4                       = 0
   userreal1                      = 0
   userreal2                      = 0
   userreal3                      = 0
   userreal4                      = 0
   applied-forces:
     electric-field:
       x:
         E0                       = 0
         omega                    = 0
         t0                       = 0
         sigma                    = 0
       y:
         E0                       = 0
         omega                    = 0
         t0                       = 0
         sigma                    = 0
       z:
         E0                       = 0
         omega                    = 0
         t0                       = 0
         sigma                    = 0
     density-guided-simulation:
       active                     = false
       group                      = protein
       similarity-measure         = inner-product
       atom-spreading-weight      = unity
       force-constant             = 1e+09
       gaussian-transform-spreading-width = 0.2
       gaussian-transform-spreading-range-in-multiples-of-width = 4
       reference-density-filename = reference.mrc
       nst                        = 1
       normalize-densities        = true
       adaptive-force-scaling     = false
       adaptive-force-scaling-time-constant = 4
       shift-vector               = 
       transformation-matrix      = 
     qmmm-cp2k:
       active                     = false
       qmgroup                    = System
       qmmethod                   = PBE
       qmfilenames                = 
       qmcharge                   = 0
       qmmultiplicity             = 1
     colvars:
       active                     = false
       configfile                 = 
       seed                       = -1
     nnpot:
       active                     = false
       modelfile                  = model.pt
       input-group                = System
       model-input1               = 
       model-input2               = 
       model-input3               = 
       model-input4               = 
grpopts:
   nrdf:       77197
   ref-t:         300
   tau-t:         0.1
annealing:          No
annealing-npoints:           0
   acc:	           0           0           0
   nfreeze:           N           N           N
   energygrp-flags[  0]: 0

Changing nstlist from 20 to 50, rlist from 1.278 to 1.346


Initializing Domain Decomposition on 1 ranks
Dynamic load balancing: auto
Using update groups, nr 12978, average size 2.9 atoms, max. radius 0.139 nm
Minimum cell size due to atom displacement: 0.655 nm
Initial maximum distances in bonded interactions:
    two-body bonded interactions: 0.429 nm, LJ-14, atoms 557 565
  multi-body bonded interactions: 0.482 nm, CMAP Dih., atoms 1155 1164
Minimum cell size due to bonded interactions: 0.530 nm
Using 0 separate PME ranks because: there are too few total ranks for efficient splitting
Optimizing the DD grid for 1 cells with a minimum initial size of 0.655 nm
The maximum allowed number of cells is: X 11 Y 11 Z 11
Domain decomposition grid 1 x 1 x 1, separate PME ranks 0
PME domain decomposition: 1 x 1 x 1

The initial number of communication pulses is:
The initial domain decomposition cell size is:

The maximum allowed distance for atom groups involved in interactions is:
                 non-bonded interactions           1.624 nm
            two-body bonded interactions  (-rdd)   1.624 nm
          multi-body bonded interactions  (-rdd)   1.624 nm

When dynamic load balancing gets turned on, these settings will change to:
The maximum number of communication pulses is:
The minimum size for domain decomposition cells is 1.624 nm
The requested allowed shrink of DD cells (option -dds) is: 0.80
The allowed shrink of domain decomposition cells is:
The maximum allowed distance for atom groups involved in interactions is:
                 non-bonded interactions           1.624 nm
            two-body bonded interactions  (-rdd)   1.624 nm
          multi-body bonded interactions  (-rdd)   1.624 nm

Local state does not use filler particles

Using 1 MPI thread
Using 2 OpenMP threads 

System total charge: 0.000
Will do PME sum in reciprocal space for electrostatic interactions.

++++ PLEASE READ AND CITE THE FOLLOWING REFERENCE ++++
U. Essmann, L. Perera, M. L. Berkowitz, T. Darden, H. Lee, L. G. Pedersen 
A smooth particle mesh Ewald method
J. Chem. Phys. (1995)
DOI: 10.1063/1.470117
-------- -------- --- Thank You --- -------- --------

Using a Gaussian width (1/beta) of 0.384195 nm for Ewald
Potential shift: LJ r^-12: -2.648e-01 r^-6: -5.349e-01, Ewald -8.333e-06
Initialized non-bonded Coulomb Ewald tables, spacing: 1.02e-03 size: 1176

Generated table with 1173 data points for 1-4 COUL.
Tabscale = 500 points/nm
Generated table with 1173 data points for 1-4 LJ6.
Tabscale = 500 points/nm
Generated table with 1173 data points for 1-4 LJ12.
Tabscale = 500 points/nm


Using SIMD4xM 4x8 nonbonded short-range kernels

Using a dual 4x8 pair-list setup updated with dynamic pruning:
  outer list: updated every 50 steps, buffer 0.146 nm, rlist 1.346 nm
  inner list: updated every  7 steps, buffer 0.001 nm, rlist 1.201 nm
At tolerance 0.005 kJ/mol/ps per atom, equivalent classical 1x1 list would be:
  outer list: updated every 50 steps, buffer 0.299 nm, rlist 1.499 nm
  inner list: updated every  7 steps, buffer 0.051 nm, rlist 1.251 nm

The average pressure is off by at most 0.20 bar due to missing LJ interactions
Removing pbc first time

Linking all bonded interactions to atoms


Pinning threads with an auto-selected logical cpu stride of 1

Initializing LINear Constraint Solver

++++ PLEASE READ AND CITE THE FOLLOWING REFERENCE ++++
B. Hess, H. Bekker, H. J. C. Berendsen, J. G. E. M. Fraaije
LINCS: A Linear Constraint Solver for molecular simulations
J. Comp. Chem. (1997)
DOI: 10.1002/(sici)1096-987x(199709)18:12<1463::aid-jcc4>3.0.co;2-h
-------- -------- --- Thank You --- -------- --------

The number of constraints is 806

++++ PLEASE READ AND CITE THE FOLLOWING REFERENCE ++++
S. Miyamoto, P. A. Kollman
SETTLE: An Analytical Version of the SHAKE and RATTLE Algorithms for Rigid
Water Models
J. Comp. Chem. (1992)
DOI: 10.1002/jcc.540130805
-------- -------- --- Thank You --- -------- --------


++++ PLEASE READ AND CITE THE FOLLOWING REFERENCE ++++
G. Bussi, D. Donadio, M. Parrinello
Canonical sampling through velocity rescaling
J. Chem. Phys. (2007)
DOI: 10.1063/1.2408420
-------- -------- --- Thank You --- -------- --------

There are: 38220 Atoms
Atom distribution over 1 domains: av 38220 stddev 0 min 38220 max 38220

Constraining the starting coordinates (step 0)

Constraining the coordinates at t0-dt (step 0)
Center of mass motion removal mode is Linear
We have the following groups for center of mass motion removal:
  0:  rest
RMS relative constraint deviation after constraining: 2.15e-05
Initial temperature: 300.259 K

Started mdrun on rank 0 Wed Mar 19 00:09:48 2025

           Step           Time
              0        0.00000

   Energies (kJ/mol)
           Bond            U-B    Proper Dih.  Improper Dih.      CMAP Dih.
    2.56244e+02    1.08148e+03    1.94553e+03    4.67296e+01   -4.93066e+02
          LJ-14     Coulomb-14        LJ (SR)   Coulomb (SR)   Coul. recip.
    7.93489e+02    1.86645e+04    6.98277e+04   -6.65276e+05    1.46823e+03
 Position Rest.      Potential    Kinetic En.   Total Energy  Conserved En.
    7.78920e-04   -5.71685e+05    9.64668e+04   -4.75218e+05   -4.75218e+05
    Temperature Pressure (bar)   Constr. rmsd
    3.00589e+02   -4.24130e+03    2.16318e-05

           Step           Time
            500        2.00000

   Energies (kJ/mol)
           Bond            U-B    Proper Dih.  Improper Dih.      CMAP Dih.
    1.25400e+03    3.94046e+03    2.22096e+03    2.22178e+02   -4.79219e+02
          LJ-14     Coulomb-14        LJ (SR)   Coulomb (SR)   Coul. recip.
    8.43899e+02    1.82008e+04    7.52149e+04   -5.99438e+05    1.77909e+03
 Position Rest.      Potential    Kinetic En.   Total Energy  Conserved En.
    5.02826e+02   -4.95738e+05    9.66038e+04   -3.99134e+05   -4.71685e+05
    Temperature Pressure (bar)   Constr. rmsd
    3.01016e+02    4.19116e+02    2.12878e-05

           Step           Time
           1000        4.00000

   Energies (kJ/mol)
           Bond            U-B    Proper Dih.  Improper Dih.      CMAP Dih.
    1.18587e+03    3.70769e+03    2.16931e+03    2.18077e+02   -4.79814e+02
          LJ-14     Coulomb-14        LJ (SR)   Coulomb (SR)   Coul. recip.
    8.79033e+02    1.85254e+04    7.49524e+04   -5.99247e+05    1.75772e+03
 Position Rest.      Potential    Kinetic En.   Total Energy  Conserved En.
    4.67959e+02   -4.95863e+05    9.67522e+04   -3.99111e+05   -4.71741e+05
    Temperature Pressure (bar)   Constr. rmsd
    3.01478e+02    4.22835e+02    2.64732e-05

           Step           Time
           1500        6.00000

   Energies (kJ/mol)
           Bond            U-B    Proper Dih.  Improper Dih.      CMAP Dih.
    1.29480e+03    3.70035e+03    2.23416e+03    2.04429e+02   -4.63136e+02
          LJ-14     Coulomb-14        LJ (SR)   Coulomb (SR)   Coul. recip.
    8.03234e+02    1.83824e+04    7.47760e+04   -5.97839e+05    1.76143e+03
 Position Rest.      Potential    Kinetic En.   Total Energy  Conserved En.
    4.71776e+02   -4.94674e+05    9.54530e+04   -3.99221e+05   -4.71690e+05
    Temperature Pressure (bar)   Constr. rmsd
    2.97430e+02    6.39173e+02    2.37630e-05

           Step           Time
           2000        8.00000

   Energies (kJ/mol)
           Bond            U-B    Proper Dih.  Improper Dih.      CMAP Dih.
    1.20554e+03    3.77662e+03    2.19821e+03    2.19697e+02   -5.26131e+02
          LJ-14     Coulomb-14        LJ (SR)   Coulomb (SR)   Coul. recip.
    8.89805e+02    1.84530e+04    7.48235e+04   -5.99260e+05    1.75705e+03
 Position Rest.      Potential    Kinetic En.   Total Energy  Conserved En.
    5.10225e+02   -4.95953e+05    9.56930e+04   -4.00260e+05   -4.71630e+05
    Temperature Pressure (bar)   Constr. rmsd
    2.98178e+02    6.01450e+01    1.99674e-05

           Step           Time
           2500       10.00000

   Energies (kJ/mol)
           Bond            U-B    Proper Dih.  Improper Dih.      CMAP Dih.
    1.23729e+03    3.85180e+03    2.10838e+03    1.94707e+02   -4.82021e+02
          LJ-14     Coulomb-14        LJ (SR)   Coulomb (SR)   Coul. recip.
    8.50358e+02    1.83334e+04    7.46876e+04   -5.98846e+05    1.79975e+03
 Position Rest.      Potential    Kinetic En.   Total Energy  Conserved En.
    5.37005e+02   -4.95727e+05    9.65528e+04   -3.99175e+05   -4.71576e+05
    Temperature Pressure (bar)   Constr. rmsd
    3.00857e+02    3.05812e+02    2.14243e-05

           Step           Time
           3000       12.00000

   Energies (kJ/mol)
           Bond            U-B    Proper Dih.  Improper Dih.      CMAP Dih.
    1.25438e+03    3.69867e+03    2.17729e+03    1.98840e+02   -5.06603e+02
          LJ-14     Coulomb-14        LJ (SR)   Coulomb (SR)   Coul. recip.
    8.71702e+02    1.85459e+04    7.40312e+04   -5.97545e+05    1.77233e+03
 Position Rest.      Potential    Kinetic En.   Total Energy  Conserved En.
    5.38724e+02   -4.94963e+05    9.55812e+04   -3.99382e+05   -4.71467e+05
    Temperature Pressure (bar)   Constr. rmsd
    2.97830e+02    2.81468e+02    2.03937e-05

           Step           Time
           3500       14.00000

   Energies (kJ/mol)
           Bond            U-B    Proper Dih.  Improper Dih.      CMAP Dih.
    1.15031e+03    3.42095e+03    2.08533e+03    1.74853e+02   -4.90971e+02
          LJ-14     Coulomb-14        LJ (SR)   Coulomb (SR)   Coul. recip.
    8.83832e+02    1.85521e+04    7.34120e+04   -5.97822e+05    1.72163e+03
 Position Rest.      Potential    Kinetic En.   Total Energy  Conserved En.
    5.11599e+02   -4.96400e+05    9.69228e+04   -3.99477e+05   -4.71604e+05
    Temperature Pressure (bar)   Constr. rmsd
    3.02010e+02    3.90146e+02    2.79167e-05

           Step           Time
           4000       16.00000

   Energies (kJ/mol)
           Bond            U-B    Proper Dih.  Improper Dih.      CMAP Dih.
    1.17919e+03    3.68993e+03    2.19204e+03    1.98225e+02   -4.99151e+02
          LJ-14     Coulomb-14        LJ (SR)   Coulomb (SR)   Coul. recip.
    8.47320e+02    1.85020e+04    7.39335e+04   -5.97073e+05    1.79189e+03
 Position Rest.      Potential    Kinetic En.   Total Energy  Conserved En.
    4.67667e+02   -4.94771e+05    9.60732e+04   -3.98697e+05   -4.71434e+05
    Temperature Pressure (bar)   Constr. rmsd
    2.99363e+02    4.10760e+02    2.19936e-05

           Step           Time
           4500       18.00000

   Energies (kJ/mol)
           Bond            U-B    Proper Dih.  Improper Dih.      CMAP Dih.
    1.17438e+03    3.79185e+03    2.21066e+03    2.08124e+02   -4.77829e+02
          LJ-14     Coulomb-14        LJ (SR)   Coulomb (SR)   Coul. recip.
    8.29831e+02    1.83054e+04    7.43751e+04   -5.97902e+05    1.77762e+03
 Position Rest.      Potential    Kinetic En.   Total Energy  Conserved En.
    4.79173e+02   -4.95227e+05    9.56568e+04   -3.99571e+05   -4.71440e+05
    Temperature Pressure (bar)   Constr. rmsd
    2.98065e+02    5.94536e+02    2.12980e-05

           Step           Time
           5000       20.00000

   Energies (kJ/mol)
           Bond            U-B    Proper Dih.  Improper Dih.      CMAP Dih.
    1.20602e+03    3.81485e+03    2.12297e+03    2.20724e+02   -4.77806e+02
          LJ-14     Coulomb-14        LJ (SR)   Coulomb (SR)   Coul. recip.
    8.52463e+02    1.83664e+04    7.39454e+04   -5.98151e+05    1.63616e+03
 Position Rest.      Potential    Kinetic En.   Total Energy  Conserved En.
    4.71454e+02   -4.95992e+05    9.63756e+04   -3.99616e+05   -4.71458e+05
    Temperature Pressure (bar)   Constr. rmsd
    3.00305e+02    1.06920e+02    2.14065e-05

           Step           Time
           5500       22.00000

   Energies (kJ/mol)
           Bond            U-B    Proper Dih.  Improper Dih.      CMAP Dih.
    1.31195e+03    3.60373e+03    2.12987e+03    1.89185e+02   -5.06410e+02
          LJ-14     Coulomb-14        LJ (SR)   Coulomb (SR)   Coul. recip.
    8.62490e+02    1.84021e+04    7.38712e+04   -5.96618e+05    1.77681e+03
 Position Rest.      Potential    Kinetic En.   Total Energy  Conserved En.
    5.23642e+02   -4.94454e+05    9.55933e+04   -3.98860e+05   -4.71373e+05
    Temperature Pressure (bar)   Constr. rmsd
    2.97867e+02    7.06631e+01    2.32441e-05

           Step           Time
           6000       24.00000

   Energies (kJ/mol)
           Bond            U-B    Proper Dih.  Improper Dih.      CMAP Dih.
    1.35317e+03    3.78528e+03    2.14832e+03    1.89540e+02   -4.84393e+02
          LJ-14     Coulomb-14        LJ (SR)   Coulomb (SR)   Coul. recip.
    8.32826e+02    1.83414e+04    7.43585e+04   -5.99052e+05    1.77497e+03
 Position Rest.      Potential    Kinetic En.   Total Energy  Conserved En.
    4.85459e+02   -4.96267e+05    9.58731e+04   -4.00394e+05   -4.71291e+05
    Temperature Pressure (bar)   Constr. rmsd
    2.98739e+02    2.84448e+02    2.26409e-05

           Step           Time
           6500       26.00000

   Energies (kJ/mol)
           Bond            U-B    Proper Dih.  Improper Dih.      CMAP Dih.
    1.17871e+03    3.56251e+03    2.15293e+03    2.27132e+02   -4.59475e+02
          LJ-14     Coulomb-14        LJ (SR)   Coulomb (SR)   Coul. recip.
    8.67748e+02    1.86211e+04    7.31107e+04   -5.96635e+05    1.71151e+03
 Position Rest.      Potential    Kinetic En.   Total Energy  Conserved En.
    5.08774e+02   -4.95154e+05    9.66900e+04   -3.98464e+05   -4.71384e+05
    Temperature Pressure (bar)   Constr. rmsd
    3.01285e+02    3.38295e+02    2.69434e-05

           Step           Time
           7000       28.00000

   Energies (kJ/mol)
           Bond            U-B    Proper Dih.  Improper Dih.      CMAP Dih.
    1.18869e+03    3.71239e+03    2.19816e+03    2.06450e+02   -5.03173e+02
          LJ-14     Coulomb-14        LJ (SR)   Coulomb (SR)   Coul. recip.
    8.68926e+02    1.84800e+04    7.29431e+04   -5.96919e+05    1.74570e+03
 Position Rest.      Potential    Kinetic En.   Total Energy  Conserved En.
    4.83201e+02   -4.95595e+05    9.60266e+04   -3.99569e+05   -4.71321e+05
    Temperature Pressure (bar)   Constr. rmsd
    2.99217e+02    1.63829e+02    2.32974e-05

           Step           Time
           7500       30.00000

   Energies (kJ/mol)
           Bond            U-B    Proper Dih.  Improper Dih.      CMAP Dih.
    1.31749e+03    3.86796e+03    2.18311e+03    1.97538e+02   -4.35402e+02
          LJ-14     Coulomb-14        LJ (SR)   Coulomb (SR)   Coul. recip.
    8.51000e+02    1.83720e+04    7.48620e+04   -5.98661e+05    1.79789e+03
 Position Rest.      Potential    Kinetic En.   Total Energy  Conserved En.
    4.75026e+02   -4.95172e+05    9.66141e+04   -3.98558e+05   -4.71178e+05
    Temperature Pressure (bar)   Constr. rmsd
    3.01048e+02    5.21390e+02    2.78402e-05

           Step           Time
           8000       32.00000

   Energies (kJ/mol)
           Bond            U-B    Proper Dih.  Improper Dih.      CMAP Dih.
    1.22609e+03    3.63692e+03    2.22914e+03    1.97721e+02   -4.75178e+02
          LJ-14     Coulomb-14        LJ (SR)   Coulomb (SR)   Coul. recip.
    8.50867e+02    1.83099e+04    7.39811e+04   -5.97018e+05    1.76334e+03
 Position Rest.      Potential    Kinetic En.   Total Energy  Conserved En.
    4.91220e+02   -4.94807e+05    9.65894e+04   -3.98217e+05   -4.71312e+05
    Temperature Pressure (bar)   Constr. rmsd
    3.00971e+02    1.70895e+02    2.62385e-05

           Step           Time
           8500       34.00000

   Energies (kJ/mol)
           Bond            U-B    Proper Dih.  Improper Dih.      CMAP Dih.
    1.18229e+03    3.38738e+03    2.17719e+03    1.72971e+02   -4.93692e+02
          LJ-14     Coulomb-14        LJ (SR)   Coulomb (SR)   Coul. recip.
    8.35919e+02    1.85496e+04    7.42613e+04   -5.99066e+05    1.72058e+03
 Position Rest.      Potential    Kinetic En.   Total Energy  Conserved En.
    4.85025e+02   -4.96787e+05    9.57519e+04   -4.01035e+05   -4.71262e+05
    Temperature Pressure (bar)   Constr. rmsd
    2.98361e+02    2.71011e+02    2.42701e-05

           Step           Time
           9000       36.00000

   Energies (kJ/mol)
           Bond            U-B    Proper Dih.  Improper Dih.      CMAP Dih.
    1.28300e+03    3.77528e+03    2.22917e+03    2.02286e+02   -5.15843e+02
          LJ-14     Coulomb-14        LJ (SR)   Coulomb (SR)   Coul. recip.
    8.57977e+02    1.84312e+04    7.50187e+04   -5.99692e+05    1.76051e+03
 Position Rest.      Potential    Kinetic En.   Total Energy  Conserved En.
    5.41325e+02   -4.96108e+05    9.61121e+04   -3.99996e+05   -4.71111e+05
    Temperature Pressure (bar)   Constr. rmsd
    2.99484e+02    3.65023e+02    2.47044e-05

           Step           Time
           9500       38.00000

   Energies (kJ/mol)
           Bond            U-B    Proper Dih.  Improper Dih.      CMAP Dih.
    1.23491e+03    3.87046e+03    2.14084e+03    1.68859e+02   -4.98054e+02
          LJ-14     Coulomb-14        LJ (SR)   Coulomb (SR)   Coul. recip.
    8.35131e+02    1.84568e+04    7.45892e+04   -5.98178e+05    1.72342e+03
 Position Rest.      Potential    Kinetic En.   Total Energy  Conserved En.
    4.82487e+02   -4.95174e+05    9.64723e+04   -3.98701e+05   -4.71012e+05
    Temperature Pressure (bar)   Constr. rmsd
    3.00606e+02    3.21124e+02    2.13333e-05

           Step           Time
          10000       40.00000

Writing checkpoint, step 10000 at Wed Mar 19 00:13:40 2025


   Energies (kJ/mol)
           Bond            U-B    Proper Dih.  Improper Dih.      CMAP Dih.
    1.19840e+03    3.94118e+03    2.22497e+03    2.32640e+02   -4.71183e+02
          LJ-14     Coulomb-14        LJ (SR)   Coulomb (SR)   Coul. recip.
    8.18976e+02    1.83607e+04    7.44948e+04   -5.97799e+05    1.77031e+03
 Position Rest.      Potential    Kinetic En.   Total Energy  Conserved En.
    4.80035e+02   -4.94748e+05    9.63816e+04   -3.98367e+05   -4.71060e+05
    Temperature Pressure (bar)   Constr. rmsd
    3.00324e+02    5.85111e+02    2.65715e-05


Energy conservation over simulation part #1 of length 40 ps, time 0 to 40 ps
  Conserved energy drift: 2.72e-03 kJ/mol/ps per atom


	<======  ###############  ==>
	<====  A V E R A G E S  ====>
	<==  ###############  ======>

	Statistics over 10001 steps using 101 frames

   Energies (kJ/mol)
           Bond            U-B    Proper Dih.  Improper Dih.      CMAP Dih.
    1.20731e+03    3.65236e+03    2.19893e+03    2.04887e+02   -4.88522e+02
          LJ-14     Coulomb-14        LJ (SR)   Coulomb (SR)   Coul. recip.
    8.48917e+02    1.84513e+04    7.41508e+04   -5.98804e+05    1.74825e+03
 Position Rest.      Potential    Kinetic En.   Total Energy  Conserved En.
    4.91255e+02   -4.96339e+05    9.61523e+04   -4.00186e+05   -4.71454e+05
    Temperature Pressure (bar)   Constr. rmsd
    2.99609e+02    2.72688e+02    0.00000e+00

   Total Virial (kJ/mol)
    2.89010e+04    5.92909e+01    4.92635e+01
    5.91338e+01    2.90082e+04   -6.96047e+01
    4.92627e+01   -6.94914e+01    2.88646e+04

   Pressure (bar)
    2.73634e+02   -2.86302e+00   -8.05589e+00
   -2.84932e+00    2.69655e+02    2.11832e+00
   -8.05582e+00    2.10843e+00    2.74775e+02


	M E G A - F L O P S   A C C O U N T I N G

 NB=Group-cutoff nonbonded kernels    NxN=N-by-N cluster Verlet kernels
 RF=Reaction-Field  VdW=Van der Waals  QSTab=quadratic-spline table
 W3=SPC/TIP3p  W4=TIP4p (single or pairs)
 V&F=Potential and force  V=Potential only  F=Force only

 Computing:                               M-Number         M-Flops  % Flops
-----------------------------------------------------------------------------
 Pair Search distance check            4518.598338       40667.385     0.2
 NxN Ewald Elec. + LJ [F]            184671.387776    14404368.247    56.1
 NxN Ewald Elec. + LJ [V&F]            1883.983008      243033.808     0.9
 NxN Ewald Elec. [F]                 167119.457280    10194286.894    39.7
 NxN Ewald Elec. [V&F]                 1705.177664      143234.924     0.6
 1,4 nonbonded interactions              41.564156        3740.774     0.0
 Calc Weights                          1146.714660       41281.728     0.2
 Spread Q Bspline                     24463.246080       48926.492     0.2
 Gather F Bspline                     24463.246080      146779.476     0.6
 3D-FFT                               37062.825912      296502.607     1.2
 Solve PME                              576.057600       36867.686     0.1
 Reset In Box                             7.682220          23.047     0.0
 CG-CoM                                   7.720440          23.161     0.0
 Bonds                                    7.710771         454.935     0.0
 Propers                                 35.433543        8114.281     0.0
 Impropers                                2.460246         511.731     0.0
 Pos. Restr.                              7.580758         379.038     0.0
 Virial                                   3.864765          69.566     0.0
 Stop-CM                                  3.898440          38.984     0.0
 Calc-Ekin                              152.956440        4129.824     0.0
 Lincs                                    8.062418         483.745     0.0
 Lincs-Mat                               47.174148         188.697     0.0
 Constraint-V                           382.736532        3444.629     0.0
 Constraint-Vir                           3.783460          90.803     0.0
 Settle                                 122.216654       45220.162     0.2
 CMAP                                     0.970097        1649.165     0.0
 Urey-Bradley                            28.862886        5281.908     0.0
-----------------------------------------------------------------------------
 Total                                                25669793.698   100.0
-----------------------------------------------------------------------------


    D O M A I N   D E C O M P O S I T I O N   S T A T I S T I C S

 av. #atoms communicated per step for force:  2 x 0.0


      R E A L   C Y C L E   A N D   T I M E   A C C O U N T I N G

On 1 MPI rank, each using 2 OpenMP threads

 Activity:              Num   Num      Call    Wall time         Giga-Cycles
                        Ranks Threads  Count      (s)         total sum    %
--------------------------------------------------------------------------------
 Domain decomp.            1    2        201       0.751          4.497   0.3
 Neighbor search           1    2        201       5.775         34.583   2.5
 Force                     1    2      10001     200.218       1199.057  86.2
 PME mesh                  1    2      10001      18.690        111.928   8.0
 NB X/F buffer ops.        1    2      20002       2.964         17.752   1.3
 Write traj.               1    2         21       0.152          0.911   0.1
 Update                    1    2      10001       1.063          6.367   0.5
 Constraints               1    2      10003       1.974         11.821   0.9
 Kinetic energy            1    2       4001       0.296          1.771   0.1
 Rest                                              0.316          1.895   0.1
--------------------------------------------------------------------------------
 Total                                           232.199       1390.582 100.0
--------------------------------------------------------------------------------
 Breakdown of PME mesh activities
--------------------------------------------------------------------------------
 PME spread                1    2      10001       8.985         53.809   3.9
 PME gather                1    2      10001       5.461         32.706   2.4
 PME 3D-FFT                1    2      20002       3.773         22.594   1.6
 PME solve Elec            1    2      10001       0.371          2.219   0.2
--------------------------------------------------------------------------------

               Core t (s)   Wall t (s)        (%)
       Time:      464.397      232.199      200.0
                 (ns/day)    (hour/ns)
Performance:       14.885        1.612
Finished mdrun on rank 0 Wed Mar 19 00:13:40 2025

